GET / HTTP/1.1
GET / HTTP/1.1
GET / HTTP/1.1
GET / HTTP/1.1
GET / HTTP/1.1
GET / HTTP/1.1
GET / HTTP/1.1
GET / HTTP/1.1
GET / HTTP/1.1
GET / HTTP/1.1
GET / HTTP/1.1
GET / HTTP/1.1
GET / HTTP/1.1
GET / HTTP/1.1
GET / HTTP/1.1
GET / HTTP/1.1
GET / HTTP/1.1
GET / HTTP/1.1
GET / HTTP/1.1
GET / HTTP/1.1
GET / HTTP/1.1
GET / HTTP/1.1
GET / HTTP/1.1
GET / HTTP/1.1
GET / HTTP/1.1
GET / HTTP/1.1
GET / HTTP/1.1
GET / HTTP/1.1
GET / HTTP/1.1
GET / HTTP/1.1
GET / HTTP/1.1
GET / HTTP/1.1
GET / HTTP/1.1
GET / HTTP/1.1
GET / HTTP/1.1
GET / HTTP/1.1
GET / HTTP/1.1
GET / HTTP/1.1
GET / HTTP/1.1
GET / HTTP/1.1
GET / HTTP/1.1
GET / HTTP/1.1
GET / HTTP/1.1
GET / HTTP/1.1
GET / HTTP/1.1
GET / HTTP/1.1
GET / HTTP/1.1
GET / HTTP/1.1
GET / HTTP/1.1
GET / HTTP/1.1
GET / HTTP/1.1
GET / HTTP/1.1
GET / HTTP/1.1
GET / HTTP/1.1
GET / HTTP/1.1
GET / HTTP/1.1
GET / HTTP/1.1
GET / HTTP/1.1
GET / HTTP/1.1
GET / HTTP/1.1
GET / HTTP/1.1
GET / HTTP/1.1
GET / HTTP/1.1
GET / HTTP/1.1
GET / HTTP/1.1
GET / HTTP/1.1
GET / HTTP/1.1
GET / HTTP/1.1
GET / HTTP/1.1
GET / HTTP/1.1
GET / HTTP/1.1
GET / HTTP/1.1
GET / HTTP/1.1
GET / HTTP/1.1
GET / HTTP/1.1
GET / HTTP/1.1
GET / HTTP/1.1
GET / HTTP/1.1
GET / HTTP/1.1
GET / HTTP/1.1
GET / HTTP/1.1
GET / HTTP/1.1
GET / HTTP/1.1
GET / HTTP/1.1
GET / HTTP/1.1
GET / HTTP/1.1
GET / HTTP/1.1
GET / HTTP/1.1
GET / HTTP/1.1
GET / HTTP/1.1
GET / HTTP/1.1
GET / HTTP/1.1
GET / HTTP/1.1
GET / HTTP/1.1
GET / HTTP/1.1
GET / HTTP/1.1
GET / HTTP/1.1
GET / HTTP/1.1
GET / HTTP/1.1
GET / HTTP/1.1
GET / HTTP/1.1
GET / HTTP/1.1
GET / HTTP/1.1
GET / HTTP/1.1
GET / HTTP/1.1
GET / HTTP/1.1
GET / HTTP/1.1
GET / HTTP/1.1
GET / HTTP/1.1
GET / HTTP/1.1
GET / HTTP/1.1
GET / HTTP/1.1
GET / HTTP/1.1
GET / HTTP/1.1
GET / HTTP/1.1
GET / HTTP/1.1
GET / HTTP/1.1
GET / HTTP/1.1
GET / HTTP/1.1
GET / HTTP/1.1
GET /sample.html HTTP/1.1
GET /favicon.ico HTTP/1.1
GET /post.html HTTP/1.1
POST /post.php HTTP/1.1
POST /post.php HTTP/1.1
POST /post.php HTTP/1.1
GET /sample.html HTTP/1.1
GET /sample.php?first=Pranjali&last=Thakur HTTP/1.1
